<?xml version="1.0" encoding="UTF-8"?>
<!-- Generated by org.testng.reporters.JUnitReportReporter -->
<testsuite hostname="DESKTOP-KF7J873" name="org.firstproject.FirstProject" tests="4" failures="0" timestamp="12 Nov 2021 14:57:04 GMT" time="0.020" errors="0">
  <testcase name="tc3" time="0.001" classname="org.firstproject.FirstProject"/>
  <testcase name="tc2" time="0.001" classname="org.firstproject.FirstProject"/>
  <testcase name="tc2" time="0.017" classname="org.firstproject.FirstProject"/>
  <testcase name="tc1" time="0.001" classname="org.firstproject.FirstProject"/>
</testsuite> <!-- org.firstproject.FirstProject -->
