<?xml version="1.0" encoding="UTF-8"?>
<!-- Generated by org.testng.reporters.JUnitReportReporter -->
<testsuite hostname="DESKTOP-KF7J873" name="org.firstproject.FirstProject3" tests="3" failures="0" timestamp="12 Nov 2021 15:00:12 GMT" time="14.752" errors="0">
  <testcase name="tc2" time="3.348" classname="org.firstproject.FirstProject3"/>
  <testcase name="tc3" time="3.719" classname="org.firstproject.FirstProject3"/>
  <testcase name="tc1" time="7.685" classname="org.firstproject.FirstProject3"/>
</testsuite> <!-- org.firstproject.FirstProject3 -->
