<?xml version="1.0" encoding="UTF-8"?>
<!-- Generated by org.testng.reporters.JUnitReportReporter -->
<testsuite hostname="DESKTOP-KF7J873" name="org.firstproject.FirstProject2" tests="3" failures="0" timestamp="12 Nov 2021 15:00:45 GMT" time="0.015" errors="0">
  <testcase name="tc5" time="0.000" classname="org.firstproject.FirstProject2"/>
  <testcase name="tc6" time="0.000" classname="org.firstproject.FirstProject2"/>
  <testcase name="tc4" time="0.015" classname="org.firstproject.FirstProject2"/>
</testsuite> <!-- org.firstproject.FirstProject2 -->
